{"/Users/piotrkalinski/Documents/dev/starwars/src/handlers/delete-character.ts": {"path":"/Users/piotrkalinski/Documents/dev/starwars/src/handlers/delete-character.ts","statementMap":{"0":{"start":{"line":2,"column":0},"end":{"line":2,"column":64}},"1":{"start":{"line":4,"column":25},"end":{"line":4,"column":47}},"2":{"start":{"line":6,"column":23},"end":{"line":39,"column":1}},"3":{"start":{"line":9,"column":2},"end":{"line":38,"column":3}},"4":{"start":{"line":10,"column":19},"end":{"line":10,"column":45}},"5":{"start":{"line":12,"column":4},"end":{"line":17,"column":5}},"6":{"start":{"line":13,"column":6},"end":{"line":16,"column":8}},"7":{"start":{"line":19,"column":20},"end":{"line":19,"column":62}},"8":{"start":{"line":21,"column":4},"end":{"line":26,"column":5}},"9":{"start":{"line":22,"column":6},"end":{"line":25,"column":8}},"10":{"start":{"line":28,"column":4},"end":{"line":31,"column":6}},"11":{"start":{"line":33,"column":4},"end":{"line":33,"column":54}},"12":{"start":{"line":34,"column":4},"end":{"line":37,"column":6}},"13":{"start":{"line":6,"column":13},"end":{"line":6,"column":23}}},"fnMap":{"0":{"name":"(anonymous_0)","decl":{"start":{"line":6,"column":23},"end":{"line":6,"column":28}},"loc":{"start":{"line":8,"column":36},"end":{"line":39,"column":1}}}},"branchMap":{"0":{"loc":{"start":{"line":10,"column":19},"end":{"line":10,"column":45}},"type":"binary-expr","locations":[{"start":{"line":10,"column":19},"end":{"line":10,"column":39}},{"start":{"line":10,"column":43},"end":{"line":10,"column":45}}]},"1":{"loc":{"start":{"line":12,"column":4},"end":{"line":17,"column":5}},"type":"if","locations":[{"start":{"line":12,"column":4},"end":{"line":17,"column":5}}]},"2":{"loc":{"start":{"line":21,"column":4},"end":{"line":26,"column":5}},"type":"if","locations":[{"start":{"line":21,"column":4},"end":{"line":26,"column":5}}]}},"s":{"0":1,"1":1,"2":1,"3":4,"4":4,"5":4,"6":1,"7":3,"8":2,"9":1,"10":1,"11":1,"12":1,"13":1},"f":{"0":4},"b":{"0":[4,1],"1":[1],"2":[1]}}
,"/Users/piotrkalinski/Documents/dev/starwars/src/handlers/get-character.ts": {"path":"/Users/piotrkalinski/Documents/dev/starwars/src/handlers/get-character.ts","statementMap":{"0":{"start":{"line":2,"column":0},"end":{"line":2,"column":64}},"1":{"start":{"line":4,"column":25},"end":{"line":4,"column":47}},"2":{"start":{"line":6,"column":23},"end":{"line":39,"column":1}},"3":{"start":{"line":9,"column":2},"end":{"line":38,"column":3}},"4":{"start":{"line":10,"column":19},"end":{"line":10,"column":45}},"5":{"start":{"line":12,"column":4},"end":{"line":17,"column":5}},"6":{"start":{"line":13,"column":6},"end":{"line":16,"column":8}},"7":{"start":{"line":19,"column":22},"end":{"line":19,"column":61}},"8":{"start":{"line":21,"column":4},"end":{"line":26,"column":5}},"9":{"start":{"line":22,"column":6},"end":{"line":25,"column":8}},"10":{"start":{"line":28,"column":4},"end":{"line":31,"column":6}},"11":{"start":{"line":33,"column":4},"end":{"line":33,"column":56}},"12":{"start":{"line":34,"column":4},"end":{"line":37,"column":6}},"13":{"start":{"line":6,"column":13},"end":{"line":6,"column":23}}},"fnMap":{"0":{"name":"(anonymous_0)","decl":{"start":{"line":6,"column":23},"end":{"line":6,"column":28}},"loc":{"start":{"line":8,"column":36},"end":{"line":39,"column":1}}}},"branchMap":{"0":{"loc":{"start":{"line":10,"column":19},"end":{"line":10,"column":45}},"type":"binary-expr","locations":[{"start":{"line":10,"column":19},"end":{"line":10,"column":39}},{"start":{"line":10,"column":43},"end":{"line":10,"column":45}}]},"1":{"loc":{"start":{"line":12,"column":4},"end":{"line":17,"column":5}},"type":"if","locations":[{"start":{"line":12,"column":4},"end":{"line":17,"column":5}}]},"2":{"loc":{"start":{"line":21,"column":4},"end":{"line":26,"column":5}},"type":"if","locations":[{"start":{"line":21,"column":4},"end":{"line":26,"column":5}}]}},"s":{"0":1,"1":1,"2":1,"3":4,"4":4,"5":4,"6":1,"7":3,"8":2,"9":1,"10":1,"11":1,"12":1,"13":1},"f":{"0":4},"b":{"0":[4,1],"1":[1],"2":[1]}}
,"/Users/piotrkalinski/Documents/dev/starwars/src/handlers/list-character.ts": {"path":"/Users/piotrkalinski/Documents/dev/starwars/src/handlers/list-character.ts","statementMap":{"0":{"start":{"line":2,"column":0},"end":{"line":2,"column":64}},"1":{"start":{"line":4,"column":25},"end":{"line":4,"column":47}},"2":{"start":{"line":6,"column":23},"end":{"line":30,"column":1}},"3":{"start":{"line":9,"column":2},"end":{"line":29,"column":3}},"4":{"start":{"line":11,"column":18},"end":{"line":11,"column":74}},"5":{"start":{"line":12,"column":20},"end":{"line":12,"column":56}},"6":{"start":{"line":14,"column":40},"end":{"line":16,"column":null}},"7":{"start":{"line":19,"column":4},"end":{"line":22,"column":6}},"8":{"start":{"line":24,"column":4},"end":{"line":24,"column":54}},"9":{"start":{"line":25,"column":4},"end":{"line":28,"column":6}},"10":{"start":{"line":6,"column":13},"end":{"line":6,"column":23}}},"fnMap":{"0":{"name":"(anonymous_0)","decl":{"start":{"line":6,"column":23},"end":{"line":6,"column":28}},"loc":{"start":{"line":8,"column":36},"end":{"line":30,"column":1}}}},"branchMap":{"0":{"loc":{"start":{"line":11,"column":27},"end":{"line":11,"column":69}},"type":"binary-expr","locations":[{"start":{"line":11,"column":27},"end":{"line":11,"column":61}},{"start":{"line":11,"column":65},"end":{"line":11,"column":69}}]}},"s":{"0":1,"1":1,"2":1,"3":2,"4":2,"5":2,"6":2,"7":1,"8":1,"9":1,"10":1},"f":{"0":2},"b":{"0":[2,0]}}
,"/Users/piotrkalinski/Documents/dev/starwars/src/handlers/put-character.ts": {"path":"/Users/piotrkalinski/Documents/dev/starwars/src/handlers/put-character.ts","statementMap":{"0":{"start":{"line":2,"column":0},"end":{"line":2,"column":64}},"1":{"start":{"line":3,"column":0},"end":{"line":3,"column":null}},"2":{"start":{"line":8,"column":25},"end":{"line":8,"column":47}},"3":{"start":{"line":19,"column":23},"end":{"line":73,"column":1}},"4":{"start":{"line":22,"column":2},"end":{"line":72,"column":3}},"5":{"start":{"line":23,"column":19},"end":{"line":23,"column":45}},"6":{"start":{"line":24,"column":4},"end":{"line":24,"column":26}},"7":{"start":{"line":25,"column":4},"end":{"line":25,"column":32}},"8":{"start":{"line":26,"column":4},"end":{"line":26,"column":42}},"9":{"start":{"line":27,"column":4},"end":{"line":32,"column":5}},"10":{"start":{"line":28,"column":6},"end":{"line":31,"column":8}},"11":{"start":{"line":34,"column":17},"end":{"line":34,"column":39}},"12":{"start":{"line":35,"column":4},"end":{"line":35,"column":30}},"13":{"start":{"line":36,"column":28},"end":{"line":36,"column":57}},"14":{"start":{"line":37,"column":4},"end":{"line":42,"column":5}},"15":{"start":{"line":38,"column":6},"end":{"line":41,"column":8}},"16":{"start":{"line":44,"column":4},"end":{"line":65,"column":5}},"17":{"start":{"line":46,"column":32},"end":{"line":46,"column":71}},"18":{"start":{"line":47,"column":6},"end":{"line":52,"column":7}},"19":{"start":{"line":48,"column":8},"end":{"line":51,"column":10}},"20":{"start":{"line":54,"column":31},"end":{"line":54,"column":79}},"21":{"start":{"line":55,"column":6},"end":{"line":58,"column":8}},"22":{"start":{"line":60,"column":27},"end":{"line":60,"column":71}},"23":{"start":{"line":61,"column":6},"end":{"line":64,"column":8}},"24":{"start":{"line":67,"column":4},"end":{"line":67,"column":68}},"25":{"start":{"line":68,"column":4},"end":{"line":71,"column":6}},"26":{"start":{"line":19,"column":13},"end":{"line":19,"column":23}}},"fnMap":{"0":{"name":"(anonymous_0)","decl":{"start":{"line":19,"column":23},"end":{"line":19,"column":28}},"loc":{"start":{"line":21,"column":36},"end":{"line":73,"column":1}}}},"branchMap":{"0":{"loc":{"start":{"line":23,"column":19},"end":{"line":23,"column":45}},"type":"binary-expr","locations":[{"start":{"line":23,"column":19},"end":{"line":23,"column":39}},{"start":{"line":23,"column":43},"end":{"line":23,"column":45}}]},"1":{"loc":{"start":{"line":27,"column":4},"end":{"line":32,"column":5}},"type":"if","locations":[{"start":{"line":27,"column":4},"end":{"line":32,"column":5}}]},"2":{"loc":{"start":{"line":37,"column":4},"end":{"line":42,"column":5}},"type":"if","locations":[{"start":{"line":37,"column":4},"end":{"line":42,"column":5}}]},"3":{"loc":{"start":{"line":44,"column":4},"end":{"line":65,"column":5}},"type":"if","locations":[{"start":{"line":44,"column":4},"end":{"line":65,"column":5}},{"start":{"line":59,"column":11},"end":{"line":65,"column":5}}]},"4":{"loc":{"start":{"line":47,"column":6},"end":{"line":52,"column":7}},"type":"if","locations":[{"start":{"line":47,"column":6},"end":{"line":52,"column":7}}]}},"s":{"0":1,"1":1,"2":1,"3":1,"4":3,"5":3,"6":3,"7":3,"8":3,"9":3,"10":1,"11":2,"12":2,"13":2,"14":2,"15":0,"16":2,"17":2,"18":2,"19":1,"20":1,"21":1,"22":0,"23":0,"24":0,"25":0,"26":1},"f":{"0":3},"b":{"0":[3,0],"1":[1],"2":[0],"3":[2,0],"4":[1]}}
,"/Users/piotrkalinski/Documents/dev/starwars/src/services/characterService.ts": {"path":"/Users/piotrkalinski/Documents/dev/starwars/src/services/characterService.ts","statementMap":{"0":{"start":{"line":1,"column":0},"end":{"line":1,"column":36}},"1":{"start":{"line":3,"column":0},"end":{"line":3,"column":52}},"2":{"start":{"line":5,"column":19},"end":{"line":5,"column":71}},"3":{"start":{"line":6,"column":18},"end":{"line":6,"column":60}},"4":{"start":{"line":10,"column":15},"end":{"line":10,"column":23}},"5":{"start":{"line":11,"column":36},"end":{"line":16,"column":6}},"6":{"start":{"line":18,"column":4},"end":{"line":18,"column":42}},"7":{"start":{"line":20,"column":4},"end":{"line":20,"column":24}},"8":{"start":{"line":24,"column":4},"end":{"line":24,"column":43}},"9":{"start":{"line":37,"column":30},"end":{"line":39,"column":17}},"10":{"start":{"line":42,"column":48},"end":{"line":44,"column":null}},"11":{"start":{"line":48,"column":32},"end":{"line":48,"column":74}},"12":{"start":{"line":50,"column":4},"end":{"line":53,"column":6}},"13":{"start":{"line":60,"column":21},"end":{"line":60,"column":48}},"14":{"start":{"line":61,"column":4},"end":{"line":61,"column":31}},"15":{"start":{"line":61,"column":19},"end":{"line":61,"column":31}},"16":{"start":{"line":63,"column":31},"end":{"line":66,"column":6}},"17":{"start":{"line":68,"column":4},"end":{"line":68,"column":37}},"18":{"start":{"line":70,"column":4},"end":{"line":70,"column":19}},"19":{"start":{"line":74,"column":21},"end":{"line":74,"column":48}},"20":{"start":{"line":75,"column":4},"end":{"line":75,"column":32}},"21":{"start":{"line":75,"column":19},"end":{"line":75,"column":32}},"22":{"start":{"line":77,"column":4},"end":{"line":77,"column":39}},"23":{"start":{"line":79,"column":4},"end":{"line":79,"column":16}},"24":{"start":{"line":8,"column":0},"end":{"line":8,"column":13}}},"fnMap":{"0":{"name":"(anonymous_0)","decl":{"start":{"line":9,"column":9},"end":{"line":9,"column":14}},"loc":{"start":{"line":9,"column":55},"end":{"line":21,"column":3}}},"1":{"name":"(anonymous_1)","decl":{"start":{"line":23,"column":9},"end":{"line":23,"column":14}},"loc":{"start":{"line":23,"column":38},"end":{"line":25,"column":3}}},"2":{"name":"(anonymous_2)","decl":{"start":{"line":32,"column":9},"end":{"line":32,"column":14}},"loc":{"start":{"line":34,"column":29},"end":{"line":54,"column":3}}},"3":{"name":"(anonymous_3)","decl":{"start":{"line":56,"column":9},"end":{"line":56,"column":14}},"loc":{"start":{"line":58,"column":28},"end":{"line":71,"column":3}}},"4":{"name":"(anonymous_4)","decl":{"start":{"line":73,"column":9},"end":{"line":73,"column":14}},"loc":{"start":{"line":73,"column":41},"end":{"line":80,"column":3}}}},"branchMap":{"0":{"loc":{"start":{"line":5,"column":19},"end":{"line":5,"column":71}},"type":"binary-expr","locations":[{"start":{"line":5,"column":19},"end":{"line":5,"column":47}},{"start":{"line":5,"column":51},"end":{"line":5,"column":71}}]},"1":{"loc":{"start":{"line":14,"column":16},"end":{"line":14,"column":35}},"type":"binary-expr","locations":[{"start":{"line":14,"column":16},"end":{"line":14,"column":29}},{"start":{"line":14,"column":33},"end":{"line":14,"column":35}}]},"2":{"loc":{"start":{"line":37,"column":30},"end":{"line":39,"column":17}},"type":"cond-expr","locations":[{"start":{"line":38,"column":8},"end":{"line":38,"column":32}},{"start":{"line":39,"column":8},"end":{"line":39,"column":17}}]},"3":{"loc":{"start":{"line":48,"column":32},"end":{"line":48,"column":74}},"type":"cond-expr","locations":[{"start":{"line":48,"column":45},"end":{"line":48,"column":62}},{"start":{"line":48,"column":65},"end":{"line":48,"column":74}}]},"4":{"loc":{"start":{"line":61,"column":4},"end":{"line":61,"column":31}},"type":"if","locations":[{"start":{"line":61,"column":4},"end":{"line":61,"column":31}}]},"5":{"loc":{"start":{"line":75,"column":4},"end":{"line":75,"column":32}},"type":"if","locations":[{"start":{"line":75,"column":4},"end":{"line":75,"column":32}}]}},"s":{"0":4,"1":4,"2":4,"3":4,"4":0,"5":0,"6":0,"7":0,"8":9,"9":2,"10":2,"11":1,"12":1,"13":1,"14":1,"15":0,"16":1,"17":1,"18":1,"19":3,"20":2,"21":1,"22":1,"23":1,"24":4},"f":{"0":0,"1":9,"2":2,"3":1,"4":3},"b":{"0":[4,4],"1":[0,0],"2":[1,1],"3":[1,0],"4":[0],"5":[1]}}
,"/Users/piotrkalinski/Documents/dev/starwars/src/services/dynamodbService.ts": {"path":"/Users/piotrkalinski/Documents/dev/starwars/src/services/dynamodbService.ts","statementMap":{"0":{"start":{"line":2,"column":0},"end":{"line":2,"column":80}},"1":{"start":{"line":3,"column":0},"end":{"line":3,"column":null}},"2":{"start":{"line":29,"column":4},"end":{"line":29,"column":31}},"3":{"start":{"line":30,"column":4},"end":{"line":30,"column":51}},"4":{"start":{"line":37,"column":20},"end":{"line":40,"column":6}},"5":{"start":{"line":41,"column":37},"end":{"line":41,"column":68}},"6":{"start":{"line":42,"column":4},"end":{"line":42,"column":38}},"7":{"start":{"line":49,"column":20},"end":{"line":52,"column":6}},"8":{"start":{"line":53,"column":4},"end":{"line":53,"column":37}},"9":{"start":{"line":63,"column":44},"end":{"line":63,"column":46}},"10":{"start":{"line":64,"column":63},"end":{"line":64,"column":65}},"11":{"start":{"line":66,"column":4},"end":{"line":69,"column":7}},"12":{"start":{"line":67,"column":6},"end":{"line":67,"column":57}},"13":{"start":{"line":68,"column":6},"end":{"line":68,"column":53}},"14":{"start":{"line":71,"column":29},"end":{"line":71,"column":70}},"15":{"start":{"line":73,"column":20},"end":{"line":79,"column":6}},"16":{"start":{"line":80,"column":4},"end":{"line":80,"column":37}},"17":{"start":{"line":89,"column":20},"end":{"line":92,"column":6}},"18":{"start":{"line":93,"column":4},"end":{"line":93,"column":37}},"19":{"start":{"line":104,"column":20},"end":{"line":108,"column":6}},"20":{"start":{"line":110,"column":38},"end":{"line":110,"column":69}},"21":{"start":{"line":112,"column":4},"end":{"line":115,"column":6}},"22":{"start":{"line":20,"column":0},"end":{"line":20,"column":13}}},"fnMap":{"0":{"name":"(anonymous_0)","decl":{"start":{"line":28,"column":2},"end":{"line":28,"column":14}},"loc":{"start":{"line":28,"column":62},"end":{"line":31,"column":3}}},"1":{"name":"(anonymous_1)","decl":{"start":{"line":36,"column":9},"end":{"line":36,"column":14}},"loc":{"start":{"line":36,"column":51},"end":{"line":43,"column":3}}},"2":{"name":"(anonymous_2)","decl":{"start":{"line":48,"column":9},"end":{"line":48,"column":14}},"loc":{"start":{"line":48,"column":30},"end":{"line":54,"column":3}}},"3":{"name":"(anonymous_3)","decl":{"start":{"line":59,"column":9},"end":{"line":59,"column":14}},"loc":{"start":{"line":61,"column":23},"end":{"line":81,"column":3}}},"4":{"name":"(anonymous_4)","decl":{"start":{"line":66,"column":36},"end":{"line":66,"column":37}},"loc":{"start":{"line":66,"column":55},"end":{"line":69,"column":5}}},"5":{"name":"(anonymous_5)","decl":{"start":{"line":86,"column":9},"end":{"line":86,"column":14}},"loc":{"start":{"line":87,"column":32},"end":{"line":94,"column":3}}},"6":{"name":"(anonymous_6)","decl":{"start":{"line":100,"column":9},"end":{"line":100,"column":14}},"loc":{"start":{"line":102,"column":43},"end":{"line":116,"column":3}}}},"branchMap":{"0":{"loc":{"start":{"line":30,"column":37},"end":{"line":30,"column":49}},"type":"binary-expr","locations":[{"start":{"line":30,"column":37},"end":{"line":30,"column":43}},{"start":{"line":30,"column":47},"end":{"line":30,"column":49}}]},"1":{"loc":{"start":{"line":42,"column":12},"end":{"line":42,"column":37}},"type":"binary-expr","locations":[{"start":{"line":42,"column":12},"end":{"line":42,"column":29}},{"start":{"line":42,"column":33},"end":{"line":42,"column":37}}]},"2":{"loc":{"start":{"line":113,"column":14},"end":{"line":113,"column":40}},"type":"binary-expr","locations":[{"start":{"line":113,"column":14},"end":{"line":113,"column":34}},{"start":{"line":113,"column":38},"end":{"line":113,"column":40}}]}},"s":{"0":5,"1":5,"2":11,"3":11,"4":11,"5":11,"6":9,"7":2,"8":2,"9":1,"10":1,"11":1,"12":1,"13":1,"14":1,"15":1,"16":1,"17":2,"18":2,"19":4,"20":4,"21":3,"22":5},"f":{"0":11,"1":11,"2":2,"3":1,"4":1,"5":2,"6":4},"b":{"0":[11,11],"1":[9,4],"2":[3,0]}}
,"/Users/piotrkalinski/Documents/dev/starwars/src/utils/starWarsEpisodes.ts": {"path":"/Users/piotrkalinski/Documents/dev/starwars/src/utils/starWarsEpisodes.ts","statementMap":{"0":{"start":{"line":1,"column":13},"end":{"line":11,"column":2}}},"fnMap":{},"branchMap":{},"s":{"0":1},"f":{},"b":{}}
,"/Users/piotrkalinski/Documents/dev/starwars/src/utils/validation.ts": {"path":"/Users/piotrkalinski/Documents/dev/starwars/src/utils/validation.ts","statementMap":{"0":{"start":{"line":63,"column":0},"end":{"line":63,"column":16}},"1":{"start":{"line":68,"column":0},"end":{"line":68,"column":16}},"2":{"start":{"line":3,"column":0},"end":{"line":3,"column":24}},"3":{"start":{"line":4,"column":0},"end":{"line":4,"column":56}},"4":{"start":{"line":6,"column":23},"end":{"line":9,"column":2}},"5":{"start":{"line":17,"column":2},"end":{"line":21,"column":3}},"6":{"start":{"line":18,"column":4},"end":{"line":20,"column":5}},"7":{"start":{"line":19,"column":6},"end":{"line":19,"column":67}},"8":{"start":{"line":22,"column":2},"end":{"line":22,"column":14}},"9":{"start":{"line":26,"column":30},"end":{"line":41,"column":2}},"10":{"start":{"line":33,"column":20},"end":{"line":33,"column":46}},"11":{"start":{"line":34,"column":6},"end":{"line":39,"column":7}},"12":{"start":{"line":35,"column":8},"end":{"line":38,"column":11}},"13":{"start":{"line":43,"column":30},"end":{"line":60,"column":2}},"14":{"start":{"line":50,"column":6},"end":{"line":50,"column":28}},"15":{"start":{"line":50,"column":21},"end":{"line":50,"column":28}},"16":{"start":{"line":52,"column":20},"end":{"line":52,"column":46}},"17":{"start":{"line":53,"column":6},"end":{"line":58,"column":7}},"18":{"start":{"line":54,"column":8},"end":{"line":57,"column":11}},"19":{"start":{"line":64,"column":17},"end":{"line":64,"column":54}},"20":{"start":{"line":65,"column":2},"end":{"line":65,"column":64}},"21":{"start":{"line":69,"column":17},"end":{"line":69,"column":54}},"22":{"start":{"line":70,"column":2},"end":{"line":70,"column":64}}},"fnMap":{"0":{"name":"validateEpisodes","decl":{"start":{"line":16,"column":9},"end":{"line":16,"column":25}},"loc":{"start":{"line":16,"column":44},"end":{"line":23,"column":1}}},"1":{"name":"(anonymous_1)","decl":{"start":{"line":31,"column":17},"end":{"line":31,"column":18}},"loc":{"start":{"line":31,"column":35},"end":{"line":40,"column":5}}},"2":{"name":"(anonymous_2)","decl":{"start":{"line":48,"column":17},"end":{"line":48,"column":18}},"loc":{"start":{"line":48,"column":35},"end":{"line":59,"column":5}}},"3":{"name":"validateCreateCharacter","decl":{"start":{"line":63,"column":16},"end":{"line":63,"column":39}},"loc":{"start":{"line":63,"column":49},"end":{"line":66,"column":1}}},"4":{"name":"validateUpdateCharacter","decl":{"start":{"line":68,"column":16},"end":{"line":68,"column":39}},"loc":{"start":{"line":68,"column":49},"end":{"line":71,"column":1}}}},"branchMap":{"0":{"loc":{"start":{"line":18,"column":4},"end":{"line":20,"column":5}},"type":"if","locations":[{"start":{"line":18,"column":4},"end":{"line":20,"column":5}}]},"1":{"loc":{"start":{"line":34,"column":6},"end":{"line":39,"column":7}},"type":"if","locations":[{"start":{"line":34,"column":6},"end":{"line":39,"column":7}}]},"2":{"loc":{"start":{"line":50,"column":6},"end":{"line":50,"column":28}},"type":"if","locations":[{"start":{"line":50,"column":6},"end":{"line":50,"column":28}}]},"3":{"loc":{"start":{"line":53,"column":6},"end":{"line":58,"column":7}},"type":"if","locations":[{"start":{"line":53,"column":6},"end":{"line":58,"column":7}}]},"4":{"loc":{"start":{"line":65,"column":9},"end":{"line":65,"column":63}},"type":"cond-expr","locations":[{"start":{"line":65,"column":26},"end":{"line":65,"column":30}},{"start":{"line":65,"column":33},"end":{"line":65,"column":63}}]},"5":{"loc":{"start":{"line":70,"column":9},"end":{"line":70,"column":63}},"type":"cond-expr","locations":[{"start":{"line":70,"column":26},"end":{"line":70,"column":30}},{"start":{"line":70,"column":33},"end":{"line":70,"column":63}}]}},"s":{"0":1,"1":1,"2":1,"3":1,"4":1,"5":1,"6":1,"7":0,"8":1,"9":1,"10":0,"11":0,"12":0,"13":1,"14":2,"15":1,"16":1,"17":1,"18":0,"19":0,"20":0,"21":2,"22":2},"f":{"0":1,"1":0,"2":2,"3":0,"4":2},"b":{"0":[0],"1":[0],"2":[1],"3":[0],"4":[0,0],"5":[2,0]}}
}
