TN:
SF:src/handlers/delete-character.ts
FN:6,(anonymous_0)
FNF:1
FNH:1
FNDA:4,(anonymous_0)
DA:2,1
DA:4,1
DA:6,1
DA:9,4
DA:10,4
DA:12,4
DA:13,1
DA:19,3
DA:21,2
DA:22,1
DA:28,1
DA:33,1
DA:34,1
LF:13
LH:13
BRDA:10,0,0,4
BRDA:10,0,1,1
BRDA:12,1,0,1
BRDA:21,2,0,1
BRF:4
BRH:4
end_of_record
TN:
SF:src/handlers/get-character.ts
FN:6,(anonymous_0)
FNF:1
FNH:1
FNDA:4,(anonymous_0)
DA:2,1
DA:4,1
DA:6,1
DA:9,4
DA:10,4
DA:12,4
DA:13,1
DA:19,3
DA:21,2
DA:22,1
DA:28,1
DA:33,1
DA:34,1
LF:13
LH:13
BRDA:10,0,0,4
BRDA:10,0,1,1
BRDA:12,1,0,1
BRDA:21,2,0,1
BRF:4
BRH:4
end_of_record
TN:
SF:src/handlers/list-character.ts
FN:6,(anonymous_0)
FNF:1
FNH:1
FNDA:2,(anonymous_0)
DA:2,1
DA:4,1
DA:6,1
DA:9,2
DA:11,2
DA:12,2
DA:14,2
DA:19,1
DA:24,1
DA:25,1
LF:10
LH:10
BRDA:11,0,0,2
BRDA:11,0,1,0
BRF:2
BRH:1
end_of_record
TN:
SF:src/handlers/put-character.ts
FN:16,(anonymous_0)
FNF:1
FNH:1
FNDA:3,(anonymous_0)
DA:2,1
DA:3,1
DA:5,1
DA:16,1
DA:19,3
DA:20,3
DA:21,3
DA:22,3
DA:23,3
DA:24,3
DA:25,1
DA:31,2
DA:32,2
DA:33,2
DA:34,2
DA:35,0
DA:41,2
DA:43,2
DA:44,2
DA:45,1
DA:51,1
DA:52,1
DA:57,0
DA:58,0
DA:64,0
DA:65,0
LF:26
LH:21
BRDA:20,0,0,3
BRDA:20,0,1,0
BRDA:24,1,0,1
BRDA:34,2,0,0
BRDA:41,3,0,2
BRDA:41,3,1,0
BRDA:44,4,0,1
BRF:7
BRH:4
end_of_record
TN:
SF:src/services/characterService.ts
FN:9,(anonymous_0)
FN:23,(anonymous_1)
FN:32,(anonymous_2)
FN:53,(anonymous_3)
FN:70,(anonymous_4)
FNF:5
FNH:4
FNDA:0,(anonymous_0)
FNDA:9,(anonymous_1)
FNDA:2,(anonymous_2)
FNDA:1,(anonymous_3)
FNDA:3,(anonymous_4)
DA:1,4
DA:3,4
DA:5,4
DA:6,4
DA:8,4
DA:10,0
DA:11,0
DA:18,0
DA:20,0
DA:24,9
DA:37,2
DA:40,2
DA:43,1
DA:47,1
DA:57,1
DA:58,1
DA:60,1
DA:65,1
DA:67,1
DA:71,3
DA:72,2
DA:74,1
DA:76,1
LF:23
LH:19
BRDA:5,0,0,4
BRDA:5,0,1,4
BRDA:14,1,0,0
BRDA:14,1,1,0
BRDA:37,2,0,1
BRDA:37,2,1,1
BRDA:43,3,0,1
BRDA:43,3,1,0
BRDA:58,4,0,0
BRDA:72,5,0,1
BRF:10
BRH:6
end_of_record
TN:
SF:src/services/dynamodbService.ts
FN:31,(anonymous_0)
FN:39,(anonymous_1)
FN:51,(anonymous_2)
FN:62,(anonymous_3)
FN:69,(anonymous_4)
FN:89,(anonymous_5)
FN:101,(anonymous_6)
FNF:7
FNH:7
FNDA:11,(anonymous_0)
FNDA:11,(anonymous_1)
FNDA:2,(anonymous_2)
FNDA:1,(anonymous_3)
FNDA:1,(anonymous_4)
FNDA:2,(anonymous_5)
FNDA:4,(anonymous_6)
DA:2,5
DA:6,5
DA:23,5
DA:32,11
DA:33,11
DA:40,11
DA:44,11
DA:45,9
DA:52,2
DA:56,2
DA:66,1
DA:67,1
DA:69,1
DA:70,1
DA:71,1
DA:74,1
DA:76,1
DA:83,1
DA:90,2
DA:94,2
DA:105,4
DA:111,4
DA:113,3
LF:23
LH:23
BRDA:33,0,0,11
BRDA:33,0,1,11
BRDA:45,1,0,9
BRDA:45,1,1,4
BRDA:114,2,0,3
BRDA:114,2,1,0
BRF:6
BRH:5
end_of_record
TN:
SF:src/utils/starWarsEpisodes.ts
FNF:0
FNH:0
DA:1,1
LF:1
LH:1
BRF:0
BRH:0
end_of_record
TN:
SF:src/utils/validation.ts
FN:16,validateEpisodes
FN:31,(anonymous_1)
FN:48,(anonymous_2)
FN:63,validateCreateCharacter
FN:68,validateUpdateCharacter
FNF:5
FNH:3
FNDA:1,validateEpisodes
FNDA:0,(anonymous_1)
FNDA:2,(anonymous_2)
FNDA:0,validateCreateCharacter
FNDA:2,validateUpdateCharacter
DA:3,1
DA:4,1
DA:6,1
DA:17,1
DA:18,1
DA:19,0
DA:22,1
DA:26,1
DA:33,0
DA:34,0
DA:35,0
DA:43,1
DA:50,2
DA:52,1
DA:53,1
DA:54,0
DA:63,1
DA:64,0
DA:65,0
DA:68,1
DA:69,2
DA:70,2
LF:22
LH:15
BRDA:18,0,0,0
BRDA:34,1,0,0
BRDA:50,2,0,1
BRDA:53,3,0,0
BRDA:65,4,0,0
BRDA:65,4,1,0
BRDA:70,5,0,2
BRDA:70,5,1,0
BRF:8
BRH:2
end_of_record
